[1219/095934.115:ERROR:directory_reader_win.cc(43)] FindFirstFile: The system cannot find the path specified. (0x3)
[1220/144536.752:ERROR:directory_reader_win.cc(43)] FindFirstFile: The system cannot find the path specified. (0x3)
[1222/155824.831:ERROR:directory_reader_win.cc(43)] FindFirstFile: The system cannot find the path specified. (0x3)
[1224/085607.344:ERROR:directory_reader_win.cc(43)] FindFirstFile: The system cannot find the path specified. (0x3)
[1224/115902.726:ERROR:process_memory_win.cc(73)] ReadMemory at 0x7ff794200000 of 64 bytes failed: Only part of a ReadProcessMemory or WriteProcessMemory request was completed. (0x12B)
[1224/115904.056:WARNING:pe_image_reader.cc(340)] could not read dos header from C:\Program Files (x86)\Google\Chrome\Application\chrome.exe
[1224/115904.236:ERROR:process_memory_win.cc(73)] ReadMemory at 0x7ff996e50000 of 64 bytes failed: Only part of a ReadProcessMemory or WriteProcessMemory request was completed. (0x12B)
[1224/115904.237:WARNING:pe_image_reader.cc(340)] could not read dos header from C:\Windows\SYSTEM32\ntdll.dll
[1224/115904.237:ERROR:process_memory_win.cc(73)] ReadMemory at 0x7ff994e20000 of 64 bytes failed: Only part of a ReadProcessMemory or WriteProcessMemory request was completed. (0x12B)
[1224/115904.237:WARNING:pe_image_reader.cc(340)] could not read dos header from C:\Windows\System32\KERNEL32.DLL
[1224/115904.237:ERROR:process_memory_win.cc(73)] ReadMemory at 0x7ff993d10000 of 64 bytes failed: Only part of a ReadProcessMemory or WriteProcessMemory request was completed. (0x12B)
[1224/115904.237:WARNING:pe_image_reader.cc(340)] could not read dos header from C:\Windows\System32\KERNELBASE.dll
[1224/115904.237:ERROR:process_memory_win.cc(73)] ReadMemory at 0x7ff97cad0000 of 64 bytes failed: Only part of a ReadProcessMemory or WriteProcessMemory request was completed. (0x12B)
[1224/115904.237:WARNING:pe_image_reader.cc(340)] could not read dos header from C:\Program Files (x86)\Google\Chrome\Application\87.0.4280.88\chrome_elf.dll
[1224/115904.237:ERROR:process_memory_win.cc(73)] ReadMemory at 0x7ff986c30000 of 64 bytes failed: Only part of a ReadProcessMemory or WriteProcessMemory request was completed. (0x12B)
[1224/115904.237:WARNING:pe_image_reader.cc(340)] could not read dos header from C:\Windows\SYSTEM32\VERSION.dll
[1224/115904.237:ERROR:process_memory_win.cc(73)] ReadMemory at 0x7ff996790000 of 64 bytes failed: Only part of a ReadProcessMemory or WriteProcessMemory request was completed. (0x12B)
[1224/115904.237:WARNING:pe_image_reader.cc(340)] could not read dos header from C:\Windows\System32\msvcrt.dll
[1224/115904.237:ERROR:process_memory_win.cc(73)] ReadMemory at 0x7ff993420000 of 64 bytes failed: Only part of a ReadProcessMemory or WriteProcessMemory request was completed. (0x12B)
[1224/115904.237:WARNING:pe_image_reader.cc(340)] could not read dos header from C:\Windows\System32\bcryptPrimitives.dll
[1224/115904.237:ERROR:process_memory_win.cc(73)] ReadMemory at 0x7ff994a70000 of 64 bytes failed: Only part of a ReadProcessMemory or WriteProcessMemory request was completed. (0x12B)
[1224/115904.237:WARNING:pe_image_reader.cc(340)] could not read dos header from C:\Windows\System32\ADVAPI32.dll
[1224/115904.237:ERROR:process_memory_win.cc(73)] ReadMemory at 0x7ff994a10000 of 64 bytes failed: Only part of a ReadProcessMemory or WriteProcessMemory request was completed. (0x12B)
[1224/115904.237:WARNING:pe_image_reader.cc(340)] could not read dos header from C:\Windows\System32\sechost.dll
[1224/115904.237:ERROR:process_memory_win.cc(73)] ReadMemory at 0x7ff994fe0000 of 64 bytes failed: Only part of a ReadProcessMemory or WriteProcessMemory request was completed. (0x12B)
[1224/115904.237:WARNING:pe_image_reader.cc(340)] could not read dos header from C:\Windows\System32\RPCRT4.dll
[1224/115904.237:ERROR:process_memory_win.cc(73)] ReadMemory at 0x7ff94eee0000 of 64 bytes failed: Only part of a ReadProcessMemory or WriteProcessMemory request was completed. (0x12B)
[1224/115904.237:WARNING:pe_image_reader.cc(340)] could not read dos header from C:\Program Files (x86)\Google\Chrome\Application\87.0.4280.88\chrome.dll
[1224/115904.237:ERROR:process_memory_win.cc(73)] ReadMemory at 0x7ff996d30000 of 64 bytes failed: Only part of a ReadProcessMemory or WriteProcessMemory request was completed. (0x12B)
[1224/115904.237:WARNING:pe_image_reader.cc(340)] could not read dos header from C:\Windows\System32\WS2_32.dll
[1224/115904.237:ERROR:process_memory_win.cc(73)] ReadMemory at 0x7ff996840000 of 64 bytes failed: Only part of a ReadProcessMemory or WriteProcessMemory request was completed. (0x12B)
[1224/115904.237:WARNING:pe_image_reader.cc(340)] could not read dos header from C:\Windows\System32\OLEAUT32.dll
[1224/115904.237:ERROR:process_memory_win.cc(73)] ReadMemory at 0x7ff993590000 of 64 bytes failed: Only part of a ReadProcessMemory or WriteProcessMemory request was completed. (0x12B)
[1224/115904.238:WARNING:pe_image_reader.cc(340)] could not read dos header from C:\Windows\System32\msvcp_win.dll
[1224/115904.238:ERROR:process_memory_win.cc(73)] ReadMemory at 0x7ff993490000 of 64 bytes failed: Only part of a ReadProcessMemory or WriteProcessMemory request was completed. (0x12B)
[1224/115904.238:WARNING:pe_image_reader.cc(340)] could not read dos header from C:\Windows\System32\ucrtbase.dll
[1224/115904.238:ERROR:process_memory_win.cc(73)] ReadMemory at 0x7ff996a40000 of 64 bytes failed: Only part of a ReadProcessMemory or WriteProcessMemory request was completed. (0x12B)
[1224/115904.238:WARNING:pe_image_reader.cc(340)] could not read dos header from C:\Windows\System32\combase.dll
[1224/115904.238:ERROR:process_memory_win.cc(73)] ReadMemory at 0x7ff993f30000 of 64 bytes failed: Only part of a ReadProcessMemory or WriteProcessMemory request was completed. (0x12B)
[1224/115904.238:WARNING:pe_image_reader.cc(340)] could not read dos header from C:\Windows\System32\WINTRUST.dll
[1224/115904.238:ERROR:process_memory_win.cc(73)] ReadMemory at 0x7ff993340000 of 64 bytes failed: Only part of a ReadProcessMemory or WriteProcessMemory request was completed. (0x12B)
[1224/115904.238:WARNING:pe_image_reader.cc(340)] could not read dos header from C:\Windows\System32\MSASN1.dll
[1224/115904.238:ERROR:process_memory_win.cc(73)] ReadMemory at 0x7ff993f90000 of 64 bytes failed: Only part of a ReadProcessMemory or WriteProcessMemory request was completed. (0x12B)
[1224/115904.238:WARNING:pe_image_reader.cc(340)] could not read dos header from C:\Windows\System32\CRYPT32.dll
[1224/115904.238:ERROR:process_memory_win.cc(73)] ReadMemory at 0x7ff983960000 of 64 bytes failed: Only part of a ReadProcessMemory or WriteProcessMemory request was completed. (0x12B)
[1224/115904.238:WARNING:pe_image_reader.cc(340)] could not read dos header from C:\Windows\SYSTEM32\dbghelp.dll
[1224/115904.238:ERROR:process_memory_win.cc(73)] ReadMemory at 0x7ff992910000 of 64 bytes failed: Only part of a ReadProcessMemory or WriteProcessMemory request was completed. (0x12B)
[1224/115904.238:WARNING:pe_image_reader.cc(340)] could not read dos header from C:\Windows\SYSTEM32\IPHLPAPI.DLL
[1224/115904.238:ERROR:process_memory_win.cc(73)] ReadMemory at 0x7ff991820000 of 64 bytes failed: Only part of a ReadProcessMemory or WriteProcessMemory request was completed. (0x12B)
[1224/115904.238:WARNING:pe_image_reader.cc(340)] could not read dos header from C:\Windows\SYSTEM32\WINMM.dll
[1224/115904.238:ERROR:process_memory_win.cc(73)] ReadMemory at 0x7ff975d00000 of 64 bytes failed: Only part of a ReadProcessMemory or WriteProcessMemory request was completed. (0x12B)
[1224/115904.238:WARNING:pe_image_reader.cc(340)] could not read dos header from C:\Windows\SYSTEM32\UIAutomationCore.DLL
[1224/115904.238:ERROR:process_memory_win.cc(73)] ReadMemory at 0x7ff98ecc0000 of 64 bytes failed: Only part of a ReadProcessMemory or WriteProcessMemory request was completed. (0x12B)
[1224/115904.238:WARNING:pe_image_reader.cc(340)] could not read dos header from C:\Windows\SYSTEM32\Secur32.dll
[1224/115904.238:ERROR:process_memory_win.cc(73)] ReadMemory at 0x7ff992a10000 of 64 bytes failed: Only part of a ReadProcessMemory or WriteProcessMemory request was completed. (0x12B)
[1224/115904.238:WARNING:pe_image_reader.cc(340)] could not read dos header from C:\Windows\SYSTEM32\USERENV.dll
[1224/115904.238:ERROR:process_memory_win.cc(73)] ReadMemory at 0x7ff9932c0000 of 64 bytes failed: Only part of a ReadProcessMemory or WriteProcessMemory request was completed. (0x12B)
[1224/115904.238:WARNING:pe_image_reader.cc(340)] could not read dos header from C:\Windows\System32\profapi.dll
[1224/115904.238:ERROR:process_memory_win.cc(73)] ReadMemory at 0x7ff98a460000 of 64 bytes failed: Only part of a ReadProcessMemory or WriteProcessMemory request was completed. (0x12B)
[1224/115904.238:WARNING:pe_image_reader.cc(340)] could not read dos header from C:\Windows\SYSTEM32\DWrite.dll
[1224/115904.238:ERROR:process_memory_win.cc(73)] ReadMemory at 0x7ff987910000 of 64 bytes failed: Only part of a ReadProcessMemory or WriteProcessMemory request was completed. (0x12B)
[1224/115904.238:WARNING:pe_image_reader.cc(340)] could not read dos header from C:\Windows\SYSTEM32\WINSPOOL.DRV
[1224/115904.238:ERROR:process_memory_win.cc(73)] ReadMemory at 0x7ff985bc0000 of 64 bytes failed: Only part of a ReadProcessMemory or WriteProcessMemory request was completed. (0x12B)
[1224/115904.238:WARNING:pe_image_reader.cc(340)] could not read dos header from C:\Windows\SYSTEM32\WINHTTP.dll
[1224/115904.238:ERROR:process_memory_win.cc(73)] ReadMemory at 0x7ff98c310000 of 64 bytes failed: Only part of a ReadProcessMemory or WriteProcessMemory request was completed. (0x12B)
[1224/115904.238:WARNING:pe_image_reader.cc(340)] could not read dos header from C:\Windows\SYSTEM32\dhcpcsvc.DLL
[1224/115904.238:ERROR:process_memory_win.cc(73)] ReadMemory at 0x7ff994fd0000 of 64 bytes failed: Only part of a ReadProcessMemory or WriteProcessMemory request was completed. (0x12B)
[1224/115904.238:WARNING:pe_image_reader.cc(340)] could not read dos header from C:\Windows\System32\NSI.dll
[1224/115904.238:ERROR:process_memory_win.cc(73)] ReadMemory at 0x7ff9917f0000 of 64 bytes failed: Only part of a ReadProcessMemory or WriteProcessMemory request was completed. (0x12B)
[1224/115904.238:WARNING:pe_image_reader.cc(340)] could not read dos header from C:\Windows\SYSTEM32\WINMMBASE.dll
[1224/115904.239:ERROR:process_memory_win.cc(73)] ReadMemory at 0x7ff994160000 of 64 bytes failed: Only part of a ReadProcessMemory or WriteProcessMemory request was completed. (0x12B)
[1224/115904.239:WARNING:pe_image_reader.cc(340)] could not read dos header from C:\Windows\System32\cfgmgr32.dll
[1224/115904.239:ERROR:process_memory_win.cc(73)] ReadMemory at 0x7ff993200000 of 64 bytes failed: Only part of a ReadProcessMemory or WriteProcessMemory request was completed. (0x12B)
[1224/115904.239:WARNING:pe_image_reader.cc(340)] could not read dos header from C:\Windows\SYSTEM32\bcrypt.dll
[1224/115904.239:ERROR:process_memory_win.cc(73)] ReadMemory at 0x7ff992f90000 of 64 bytes failed: Only part of a ReadProcessMemory or WriteProcessMemory request was completed. (0x12B)
[1224/115904.239:WARNING:pe_image_reader.cc(340)] could not read dos header from C:\Windows\SYSTEM32\SSPICLI.DLL
[1224/115904.239:ERROR:process_memory_win.cc(73)] ReadMemory at 0x7ff996620000 of 64 bytes failed: Only part of a ReadProcessMemory or WriteProcessMemory request was completed. (0x12B)
[1224/115904.239:WARNING:pe_image_reader.cc(340)] could not read dos header from C:\Windows\System32\user32.dll
[1224/115904.239:ERROR:process_memory_win.cc(73)] ReadMemory at 0x7ff993350000 of 64 bytes failed: Only part of a ReadProcessMemory or WriteProcessMemory request was completed. (0x12B)
[1224/115904.239:WARNING:pe_image_reader.cc(340)] could not read dos header from C:\Windows\System32\win32u.dll
[1224/115904.239:ERROR:process_memory_win.cc(73)] ReadMemory at 0x7ff996da0000 of 64 bytes failed: Only part of a ReadProcessMemory or WriteProcessMemory request was completed. (0x12B)
[1224/115904.239:WARNING:pe_image_reader.cc(340)] could not read dos header from C:\Windows\System32\GDI32.dll
[1224/115904.239:ERROR:process_memory_win.cc(73)] ReadMemory at 0x7ff994260000 of 64 bytes failed: Only part of a ReadProcessMemory or WriteProcessMemory request was completed. (0x12B)
[1224/115904.239:WARNING:pe_image_reader.cc(340)] could not read dos header from C:\Windows\System32\gdi32full.dll
[1224/115904.239:ERROR:process_memory_win.cc(73)] ReadMemory at 0x7ff9969a0000 of 64 bytes failed: Only part of a ReadProcessMemory or WriteProcessMemory request was completed. (0x12B)
[1224/115904.239:WARNING:pe_image_reader.cc(340)] could not read dos header from C:\Windows\System32\IMM32.DLL
[1224/115904.239:ERROR:process_memory_win.cc(73)] ReadMemory at 0x7ff992d50000 of 64 bytes failed: Only part of a ReadProcessMemory or WriteProcessMemory request was completed. (0x12B)
[1224/115904.239:WARNING:pe_image_reader.cc(340)] could not read dos header from C:\Windows\SYSTEM32\CRYPTBASE.DLL
[1224/115904.327:ERROR:process_memory_win.cc(73)] ReadMemory at 0x7ff794200000 of 64 bytes failed: Only part of a ReadProcessMemory or WriteProcessMemory request was completed. (0x12B)
[1224/115904.327:WARNING:pe_image_reader.cc(340)] could not read dos header from C:\Program Files (x86)\Google\Chrome\Application\chrome.exe
[1224/115904.327:ERROR:process_memory_win.cc(73)] ReadMemory at 0x7ff996e50000 of 64 bytes failed: Only part of a ReadProcessMemory or WriteProcessMemory request was completed. (0x12B)
[1224/115904.327:WARNING:pe_image_reader.cc(340)] could not read dos header from C:\Windows\SYSTEM32\ntdll.dll
[1224/115904.327:ERROR:process_memory_win.cc(73)] ReadMemory at 0x7ff994e20000 of 64 bytes failed: Only part of a ReadProcessMemory or WriteProcessMemory request was completed. (0x12B)
[1224/115904.327:WARNING:pe_image_reader.cc(340)] could not read dos header from C:\Windows\System32\KERNEL32.DLL
[1224/115904.327:ERROR:process_memory_win.cc(73)] ReadMemory at 0x7ff993d10000 of 64 bytes failed: Only part of a ReadProcessMemory or WriteProcessMemory request was completed. (0x12B)
[1224/115904.327:WARNING:pe_image_reader.cc(340)] could not read dos header from C:\Windows\System32\KERNELBASE.dll
[1224/115904.327:ERROR:process_memory_win.cc(73)] ReadMemory at 0x7ff97cad0000 of 64 bytes failed: Only part of a ReadProcessMemory or WriteProcessMemory request was completed. (0x12B)
[1224/115904.327:WARNING:pe_image_reader.cc(340)] could not read dos header from C:\Program Files (x86)\Google\Chrome\Application\87.0.4280.88\chrome_elf.dll
[1224/115904.327:ERROR:process_memory_win.cc(73)] ReadMemory at 0x7ff986c30000 of 64 bytes failed: Only part of a ReadProcessMemory or WriteProcessMemory request was completed. (0x12B)
[1224/115904.327:WARNING:pe_image_reader.cc(340)] could not read dos header from C:\Windows\SYSTEM32\VERSION.dll
[1224/115904.327:ERROR:process_memory_win.cc(73)] ReadMemory at 0x7ff996790000 of 64 bytes failed: Only part of a ReadProcessMemory or WriteProcessMemory request was completed. (0x12B)
[1224/115904.327:WARNING:pe_image_reader.cc(340)] could not read dos header from C:\Windows\System32\msvcrt.dll
[1224/115904.327:ERROR:process_memory_win.cc(73)] ReadMemory at 0x7ff993420000 of 64 bytes failed: Only part of a ReadProcessMemory or WriteProcessMemory request was completed. (0x12B)
[1224/115904.327:WARNING:pe_image_reader.cc(340)] could not read dos header from C:\Windows\System32\bcryptPrimitives.dll
[1224/115904.328:ERROR:process_memory_win.cc(73)] ReadMemory at 0x7ff994a70000 of 64 bytes failed: Only part of a ReadProcessMemory or WriteProcessMemory request was completed. (0x12B)
[1224/115904.328:WARNING:pe_image_reader.cc(340)] could not read dos header from C:\Windows\System32\ADVAPI32.dll
[1224/115904.328:ERROR:process_memory_win.cc(73)] ReadMemory at 0x7ff994a10000 of 64 bytes failed: Only part of a ReadProcessMemory or WriteProcessMemory request was completed. (0x12B)
[1224/115904.328:WARNING:pe_image_reader.cc(340)] could not read dos header from C:\Windows\System32\sechost.dll
[1224/115904.328:ERROR:process_memory_win.cc(73)] ReadMemory at 0x7ff994fe0000 of 64 bytes failed: Only part of a ReadProcessMemory or WriteProcessMemory request was completed. (0x12B)
[1224/115904.328:WARNING:pe_image_reader.cc(340)] could not read dos header from C:\Windows\System32\RPCRT4.dll
[1224/115904.328:ERROR:process_memory_win.cc(73)] ReadMemory at 0x7ff94eee0000 of 64 bytes failed: Only part of a ReadProcessMemory or WriteProcessMemory request was completed. (0x12B)
[1224/115904.328:WARNING:pe_image_reader.cc(340)] could not read dos header from C:\Program Files (x86)\Google\Chrome\Application\87.0.4280.88\chrome.dll
[1224/115904.328:ERROR:process_memory_win.cc(73)] ReadMemory at 0x7ff996d30000 of 64 bytes failed: Only part of a ReadProcessMemory or WriteProcessMemory request was completed. (0x12B)
[1224/115904.328:WARNING:pe_image_reader.cc(340)] could not read dos header from C:\Windows\System32\WS2_32.dll
[1224/115904.328:ERROR:process_memory_win.cc(73)] ReadMemory at 0x7ff996840000 of 64 bytes failed: Only part of a ReadProcessMemory or WriteProcessMemory request was completed. (0x12B)
[1224/115904.328:WARNING:pe_image_reader.cc(340)] could not read dos header from C:\Windows\System32\OLEAUT32.dll
[1224/115904.328:ERROR:process_memory_win.cc(73)] ReadMemory at 0x7ff993590000 of 64 bytes failed: Only part of a ReadProcessMemory or WriteProcessMemory request was completed. (0x12B)
[1224/115904.328:WARNING:pe_image_reader.cc(340)] could not read dos header from C:\Windows\System32\msvcp_win.dll
[1224/115904.328:ERROR:process_memory_win.cc(73)] ReadMemory at 0x7ff993490000 of 64 bytes failed: Only part of a ReadProcessMemory or WriteProcessMemory request was completed. (0x12B)
[1224/115904.328:WARNING:pe_image_reader.cc(340)] could not read dos header from C:\Windows\System32\ucrtbase.dll
[1224/115904.328:ERROR:process_memory_win.cc(73)] ReadMemory at 0x7ff996a40000 of 64 bytes failed: Only part of a ReadProcessMemory or WriteProcessMemory request was completed. (0x12B)
[1224/115904.328:WARNING:pe_image_reader.cc(340)] could not read dos header from C:\Windows\System32\combase.dll
[1224/115904.328:ERROR:process_memory_win.cc(73)] ReadMemory at 0x7ff993f30000 of 64 bytes failed: Only part of a ReadProcessMemory or WriteProcessMemory request was completed. (0x12B)
[1224/115904.328:WARNING:pe_image_reader.cc(340)] could not read dos header from C:\Windows\System32\WINTRUST.dll
[1224/115904.328:ERROR:process_memory_win.cc(73)] ReadMemory at 0x7ff993340000 of 64 bytes failed: Only part of a ReadProcessMemory or WriteProcessMemory request was completed. (0x12B)
[1224/115904.328:WARNING:pe_image_reader.cc(340)] could not read dos header from C:\Windows\System32\MSASN1.dll
[1224/115904.328:ERROR:process_memory_win.cc(73)] ReadMemory at 0x7ff993f90000 of 64 bytes failed: Only part of a ReadProcessMemory or WriteProcessMemory request was completed. (0x12B)
[1224/115904.328:WARNING:pe_image_reader.cc(340)] could not read dos header from C:\Windows\System32\CRYPT32.dll
[1224/115904.328:ERROR:process_memory_win.cc(73)] ReadMemory at 0x7ff983960000 of 64 bytes failed: Only part of a ReadProcessMemory or WriteProcessMemory request was completed. (0x12B)
[1224/115904.328:WARNING:pe_image_reader.cc(340)] could not read dos header from C:\Windows\SYSTEM32\dbghelp.dll
[1224/115904.328:ERROR:process_memory_win.cc(73)] ReadMemory at 0x7ff992910000 of 64 bytes failed: Only part of a ReadProcessMemory or WriteProcessMemory request was completed. (0x12B)
[1224/115904.328:WARNING:pe_image_reader.cc(340)] could not read dos header from C:\Windows\SYSTEM32\IPHLPAPI.DLL
[1224/115904.328:ERROR:process_memory_win.cc(73)] ReadMemory at 0x7ff991820000 of 64 bytes failed: Only part of a ReadProcessMemory or WriteProcessMemory request was completed. (0x12B)
[1224/115904.328:WARNING:pe_image_reader.cc(340)] could not read dos header from C:\Windows\SYSTEM32\WINMM.dll
[1224/115904.329:ERROR:process_memory_win.cc(73)] ReadMemory at 0x7ff975d00000 of 64 bytes failed: Only part of a ReadProcessMemory or WriteProcessMemory request was completed. (0x12B)
[1224/115904.329:WARNING:pe_image_reader.cc(340)] could not read dos header from C:\Windows\SYSTEM32\UIAutomationCore.DLL
[1224/115904.329:ERROR:process_memory_win.cc(73)] ReadMemory at 0x7ff98ecc0000 of 64 bytes failed: Only part of a ReadProcessMemory or WriteProcessMemory request was completed. (0x12B)
[1224/115904.329:WARNING:pe_image_reader.cc(340)] could not read dos header from C:\Windows\SYSTEM32\Secur32.dll
[1224/115904.329:ERROR:process_memory_win.cc(73)] ReadMemory at 0x7ff992a10000 of 64 bytes failed: Only part of a ReadProcessMemory or WriteProcessMemory request was completed. (0x12B)
[1224/115904.329:WARNING:pe_image_reader.cc(340)] could not read dos header from C:\Windows\SYSTEM32\USERENV.dll
[1224/115904.329:ERROR:process_memory_win.cc(73)] ReadMemory at 0x7ff9932c0000 of 64 bytes failed: Only part of a ReadProcessMemory or WriteProcessMemory request was completed. (0x12B)
[1224/115904.329:WARNING:pe_image_reader.cc(340)] could not read dos header from C:\Windows\System32\profapi.dll
[1224/115904.329:ERROR:process_memory_win.cc(73)] ReadMemory at 0x7ff98a460000 of 64 bytes failed: Only part of a ReadProcessMemory or WriteProcessMemory request was completed. (0x12B)
[1224/115904.329:WARNING:pe_image_reader.cc(340)] could not read dos header from C:\Windows\SYSTEM32\DWrite.dll
[1224/115904.329:ERROR:process_memory_win.cc(73)] ReadMemory at 0x7ff987910000 of 64 bytes failed: Only part of a ReadProcessMemory or WriteProcessMemory request was completed. (0x12B)
[1224/115904.329:WARNING:pe_image_reader.cc(340)] could not read dos header from C:\Windows\SYSTEM32\WINSPOOL.DRV
[1224/115904.329:ERROR:process_memory_win.cc(73)] ReadMemory at 0x7ff985bc0000 of 64 bytes failed: Only part of a ReadProcessMemory or WriteProcessMemory request was completed. (0x12B)
[1224/115904.329:WARNING:pe_image_reader.cc(340)] could not read dos header from C:\Windows\SYSTEM32\WINHTTP.dll
[1224/115904.329:ERROR:process_memory_win.cc(73)] ReadMemory at 0x7ff98c310000 of 64 bytes failed: Only part of a ReadProcessMemory or WriteProcessMemory request was completed. (0x12B)
[1224/115904.329:WARNING:pe_image_reader.cc(340)] could not read dos header from C:\Windows\SYSTEM32\dhcpcsvc.DLL
[1224/115904.329:ERROR:process_memory_win.cc(73)] ReadMemory at 0x7ff994fd0000 of 64 bytes failed: Only part of a ReadProcessMemory or WriteProcessMemory request was completed. (0x12B)
[1224/115904.329:WARNING:pe_image_reader.cc(340)] could not read dos header from C:\Windows\System32\NSI.dll
[1224/115904.329:ERROR:process_memory_win.cc(73)] ReadMemory at 0x7ff9917f0000 of 64 bytes failed: Only part of a ReadProcessMemory or WriteProcessMemory request was completed. (0x12B)
[1224/115904.329:WARNING:pe_image_reader.cc(340)] could not read dos header from C:\Windows\SYSTEM32\WINMMBASE.dll
[1224/115904.329:ERROR:process_memory_win.cc(73)] ReadMemory at 0x7ff994160000 of 64 bytes failed: Only part of a ReadProcessMemory or WriteProcessMemory request was completed. (0x12B)
[1224/115904.329:WARNING:pe_image_reader.cc(340)] could not read dos header from C:\Windows\System32\cfgmgr32.dll
[1224/115904.329:ERROR:process_memory_win.cc(73)] ReadMemory at 0x7ff993200000 of 64 bytes failed: Only part of a ReadProcessMemory or WriteProcessMemory request was completed. (0x12B)
[1224/115904.329:WARNING:pe_image_reader.cc(340)] could not read dos header from C:\Windows\SYSTEM32\bcrypt.dll
[1224/115904.329:ERROR:process_memory_win.cc(73)] ReadMemory at 0x7ff992f90000 of 64 bytes failed: Only part of a ReadProcessMemory or WriteProcessMemory request was completed. (0x12B)
[1224/115904.329:WARNING:pe_image_reader.cc(340)] could not read dos header from C:\Windows\SYSTEM32\SSPICLI.DLL
[1224/115904.329:ERROR:process_memory_win.cc(73)] ReadMemory at 0x7ff996620000 of 64 bytes failed: Only part of a ReadProcessMemory or WriteProcessMemory request was completed. (0x12B)
[1224/115904.329:WARNING:pe_image_reader.cc(340)] could not read dos header from C:\Windows\System32\user32.dll
[1224/115904.329:ERROR:process_memory_win.cc(73)] ReadMemory at 0x7ff993350000 of 64 bytes failed: Only part of a ReadProcessMemory or WriteProcessMemory request was completed. (0x12B)
[1224/115904.329:WARNING:pe_image_reader.cc(340)] could not read dos header from C:\Windows\System32\win32u.dll
[1224/115904.329:ERROR:process_memory_win.cc(73)] ReadMemory at 0x7ff996da0000 of 64 bytes failed: Only part of a ReadProcessMemory or WriteProcessMemory request was completed. (0x12B)
[1224/115904.329:WARNING:pe_image_reader.cc(340)] could not read dos header from C:\Windows\System32\GDI32.dll
[1224/115904.329:ERROR:process_memory_win.cc(73)] ReadMemory at 0x7ff994260000 of 64 bytes failed: Only part of a ReadProcessMemory or WriteProcessMemory request was completed. (0x12B)
[1224/115904.329:WARNING:pe_image_reader.cc(340)] could not read dos header from C:\Windows\System32\gdi32full.dll
[1224/115904.329:ERROR:process_memory_win.cc(73)] ReadMemory at 0x7ff9969a0000 of 64 bytes failed: Only part of a ReadProcessMemory or WriteProcessMemory request was completed. (0x12B)
[1224/115904.329:WARNING:pe_image_reader.cc(340)] could not read dos header from C:\Windows\System32\IMM32.DLL
[1224/115904.329:ERROR:process_memory_win.cc(73)] ReadMemory at 0x7ff992d50000 of 64 bytes failed: Only part of a ReadProcessMemory or WriteProcessMemory request was completed. (0x12B)
[1224/115904.329:WARNING:pe_image_reader.cc(340)] could not read dos header from C:\Windows\SYSTEM32\CRYPTBASE.DLL
[1224/115904.329:ERROR:process_memory_win.cc(73)] ReadMemory at 0x7ff794200000 of 64 bytes failed: Only part of a ReadProcessMemory or WriteProcessMemory request was completed. (0x12B)
[1224/115904.329:WARNING:pe_image_reader.cc(340)] could not read dos header from C:\Program Files (x86)\Google\Chrome\Application\chrome.exe
[1224/115904.330:ERROR:process_memory_win.cc(73)] ReadMemory at 0x7ff996e50000 of 64 bytes failed: Only part of a ReadProcessMemory or WriteProcessMemory request was completed. (0x12B)
[1224/115904.330:WARNING:pe_image_reader.cc(340)] could not read dos header from C:\Windows\SYSTEM32\ntdll.dll
[1224/115904.330:ERROR:process_memory_win.cc(73)] ReadMemory at 0x7ff994e20000 of 64 bytes failed: Only part of a ReadProcessMemory or WriteProcessMemory request was completed. (0x12B)
[1224/115904.330:WARNING:pe_image_reader.cc(340)] could not read dos header from C:\Windows\System32\KERNEL32.DLL
[1224/115904.330:ERROR:process_memory_win.cc(73)] ReadMemory at 0x7ff993d10000 of 64 bytes failed: Only part of a ReadProcessMemory or WriteProcessMemory request was completed. (0x12B)
[1224/115904.330:WARNING:pe_image_reader.cc(340)] could not read dos header from C:\Windows\System32\KERNELBASE.dll
[1224/115904.330:ERROR:process_memory_win.cc(73)] ReadMemory at 0x7ff97cad0000 of 64 bytes failed: Only part of a ReadProcessMemory or WriteProcessMemory request was completed. (0x12B)
[1224/115904.330:WARNING:pe_image_reader.cc(340)] could not read dos header from C:\Program Files (x86)\Google\Chrome\Application\87.0.4280.88\chrome_elf.dll
[1224/115904.330:ERROR:process_memory_win.cc(73)] ReadMemory at 0x7ff986c30000 of 64 bytes failed: Only part of a ReadProcessMemory or WriteProcessMemory request was completed. (0x12B)
[1224/115904.330:WARNING:pe_image_reader.cc(340)] could not read dos header from C:\Windows\SYSTEM32\VERSION.dll
[1224/115904.330:ERROR:process_memory_win.cc(73)] ReadMemory at 0x7ff996790000 of 64 bytes failed: Only part of a ReadProcessMemory or WriteProcessMemory request was completed. (0x12B)
[1224/115904.330:WARNING:pe_image_reader.cc(340)] could not read dos header from C:\Windows\System32\msvcrt.dll
[1224/115904.330:ERROR:process_memory_win.cc(73)] ReadMemory at 0x7ff993420000 of 64 bytes failed: Only part of a ReadProcessMemory or WriteProcessMemory request was completed. (0x12B)
[1224/115904.330:WARNING:pe_image_reader.cc(340)] could not read dos header from C:\Windows\System32\bcryptPrimitives.dll
[1224/115904.330:ERROR:process_memory_win.cc(73)] ReadMemory at 0x7ff994a70000 of 64 bytes failed: Only part of a ReadProcessMemory or WriteProcessMemory request was completed. (0x12B)
[1224/115904.330:WARNING:pe_image_reader.cc(340)] could not read dos header from C:\Windows\System32\ADVAPI32.dll
[1224/115904.330:ERROR:process_memory_win.cc(73)] ReadMemory at 0x7ff994a10000 of 64 bytes failed: Only part of a ReadProcessMemory or WriteProcessMemory request was completed. (0x12B)
[1224/115904.330:WARNING:pe_image_reader.cc(340)] could not read dos header from C:\Windows\System32\sechost.dll
[1224/115904.330:ERROR:process_memory_win.cc(73)] ReadMemory at 0x7ff994fe0000 of 64 bytes failed: Only part of a ReadProcessMemory or WriteProcessMemory request was completed. (0x12B)
[1224/115904.330:WARNING:pe_image_reader.cc(340)] could not read dos header from C:\Windows\System32\RPCRT4.dll
[1224/115904.330:ERROR:process_memory_win.cc(73)] ReadMemory at 0x7ff94eee0000 of 64 bytes failed: Only part of a ReadProcessMemory or WriteProcessMemory request was completed. (0x12B)
[1224/115904.330:WARNING:pe_image_reader.cc(340)] could not read dos header from C:\Program Files (x86)\Google\Chrome\Application\87.0.4280.88\chrome.dll
[1224/115904.330:ERROR:process_memory_win.cc(73)] ReadMemory at 0x7ff996d30000 of 64 bytes failed: Only part of a ReadProcessMemory or WriteProcessMemory request was completed. (0x12B)
[1224/115904.330:WARNING:pe_image_reader.cc(340)] could not read dos header from C:\Windows\System32\WS2_32.dll
[1224/115904.330:ERROR:process_memory_win.cc(73)] ReadMemory at 0x7ff996840000 of 64 bytes failed: Only part of a ReadProcessMemory or WriteProcessMemory request was completed. (0x12B)
[1224/115904.330:WARNING:pe_image_reader.cc(340)] could not read dos header from C:\Windows\System32\OLEAUT32.dll
[1224/115904.330:ERROR:process_memory_win.cc(73)] ReadMemory at 0x7ff993590000 of 64 bytes failed: Only part of a ReadProcessMemory or WriteProcessMemory request was completed. (0x12B)
[1224/115904.330:WARNING:pe_image_reader.cc(340)] could not read dos header from C:\Windows\System32\msvcp_win.dll
[1224/115904.330:ERROR:process_memory_win.cc(73)] ReadMemory at 0x7ff993490000 of 64 bytes failed: Only part of a ReadProcessMemory or WriteProcessMemory request was completed. (0x12B)
[1224/115904.330:WARNING:pe_image_reader.cc(340)] could not read dos header from C:\Windows\System32\ucrtbase.dll
[1224/115904.330:ERROR:process_memory_win.cc(73)] ReadMemory at 0x7ff996a40000 of 64 bytes failed: Only part of a ReadProcessMemory or WriteProcessMemory request was completed. (0x12B)
[1224/115904.330:WARNING:pe_image_reader.cc(340)] could not read dos header from C:\Windows\System32\combase.dll
[1224/115904.330:ERROR:process_memory_win.cc(73)] ReadMemory at 0x7ff993f30000 of 64 bytes failed: Only part of a ReadProcessMemory or WriteProcessMemory request was completed. (0x12B)
[1224/115904.330:WARNING:pe_image_reader.cc(340)] could not read dos header from C:\Windows\System32\WINTRUST.dll
[1224/115904.330:ERROR:process_memory_win.cc(73)] ReadMemory at 0x7ff993340000 of 64 bytes failed: Only part of a ReadProcessMemory or WriteProcessMemory request was completed. (0x12B)
[1224/115904.330:WARNING:pe_image_reader.cc(340)] could not read dos header from C:\Windows\System32\MSASN1.dll
[1224/115904.330:ERROR:process_memory_win.cc(73)] ReadMemory at 0x7ff993f90000 of 64 bytes failed: Only part of a ReadProcessMemory or WriteProcessMemory request was completed. (0x12B)
[1224/115904.330:WARNING:pe_image_reader.cc(340)] could not read dos header from C:\Windows\System32\CRYPT32.dll
[1224/115904.330:ERROR:process_memory_win.cc(73)] ReadMemory at 0x7ff983960000 of 64 bytes failed: Only part of a ReadProcessMemory or WriteProcessMemory request was completed. (0x12B)
[1224/115904.330:WARNING:pe_image_reader.cc(340)] could not read dos header from C:\Windows\SYSTEM32\dbghelp.dll
[1224/115904.330:ERROR:process_memory_win.cc(73)] ReadMemory at 0x7ff992910000 of 64 bytes failed: Only part of a ReadProcessMemory or WriteProcessMemory request was completed. (0x12B)
[1224/115904.330:WARNING:pe_image_reader.cc(340)] could not read dos header from C:\Windows\SYSTEM32\IPHLPAPI.DLL
[1224/115904.331:ERROR:process_memory_win.cc(73)] ReadMemory at 0x7ff991820000 of 64 bytes failed: Only part of a ReadProcessMemory or WriteProcessMemory request was completed. (0x12B)
[1224/115904.331:WARNING:pe_image_reader.cc(340)] could not read dos header from C:\Windows\SYSTEM32\WINMM.dll
[1224/115904.331:ERROR:process_memory_win.cc(73)] ReadMemory at 0x7ff975d00000 of 64 bytes failed: Only part of a ReadProcessMemory or WriteProcessMemory request was completed. (0x12B)
[1224/115904.331:WARNING:pe_image_reader.cc(340)] could not read dos header from C:\Windows\SYSTEM32\UIAutomationCore.DLL
[1224/115904.331:ERROR:process_memory_win.cc(73)] ReadMemory at 0x7ff98ecc0000 of 64 bytes failed: Only part of a ReadProcessMemory or WriteProcessMemory request was completed. (0x12B)
[1224/115904.331:WARNING:pe_image_reader.cc(340)] could not read dos header from C:\Windows\SYSTEM32\Secur32.dll
[1224/115904.331:ERROR:process_memory_win.cc(73)] ReadMemory at 0x7ff992a10000 of 64 bytes failed: Only part of a ReadProcessMemory or WriteProcessMemory request was completed. (0x12B)
[1224/115904.331:WARNING:pe_image_reader.cc(340)] could not read dos header from C:\Windows\SYSTEM32\USERENV.dll
[1224/115904.331:ERROR:process_memory_win.cc(73)] ReadMemory at 0x7ff9932c0000 of 64 bytes failed: Only part of a ReadProcessMemory or WriteProcessMemory request was completed. (0x12B)
[1224/115904.331:WARNING:pe_image_reader.cc(340)] could not read dos header from C:\Windows\System32\profapi.dll
[1224/115904.331:ERROR:process_memory_win.cc(73)] ReadMemory at 0x7ff98a460000 of 64 bytes failed: Only part of a ReadProcessMemory or WriteProcessMemory request was completed. (0x12B)
[1224/115904.331:WARNING:pe_image_reader.cc(340)] could not read dos header from C:\Windows\SYSTEM32\DWrite.dll
[1224/115904.331:ERROR:process_memory_win.cc(73)] ReadMemory at 0x7ff987910000 of 64 bytes failed: Only part of a ReadProcessMemory or WriteProcessMemory request was completed. (0x12B)
[1224/115904.331:WARNING:pe_image_reader.cc(340)] could not read dos header from C:\Windows\SYSTEM32\WINSPOOL.DRV
[1224/115904.331:ERROR:process_memory_win.cc(73)] ReadMemory at 0x7ff985bc0000 of 64 bytes failed: Only part of a ReadProcessMemory or WriteProcessMemory request was completed. (0x12B)
[1224/115904.331:WARNING:pe_image_reader.cc(340)] could not read dos header from C:\Windows\SYSTEM32\WINHTTP.dll
[1224/115904.331:ERROR:process_memory_win.cc(73)] ReadMemory at 0x7ff98c310000 of 64 bytes failed: Only part of a ReadProcessMemory or WriteProcessMemory request was completed. (0x12B)
[1224/115904.331:WARNING:pe_image_reader.cc(340)] could not read dos header from C:\Windows\SYSTEM32\dhcpcsvc.DLL
[1224/115904.331:ERROR:process_memory_win.cc(73)] ReadMemory at 0x7ff994fd0000 of 64 bytes failed: Only part of a ReadProcessMemory or WriteProcessMemory request was completed. (0x12B)
[1224/115904.331:WARNING:pe_image_reader.cc(340)] could not read dos header from C:\Windows\System32\NSI.dll
[1224/115904.331:ERROR:process_memory_win.cc(73)] ReadMemory at 0x7ff9917f0000 of 64 bytes failed: Only part of a ReadProcessMemory or WriteProcessMemory request was completed. (0x12B)
[1224/115904.331:WARNING:pe_image_reader.cc(340)] could not read dos header from C:\Windows\SYSTEM32\WINMMBASE.dll
[1224/115904.331:ERROR:process_memory_win.cc(73)] ReadMemory at 0x7ff994160000 of 64 bytes failed: Only part of a ReadProcessMemory or WriteProcessMemory request was completed. (0x12B)
[1224/115904.331:WARNING:pe_image_reader.cc(340)] could not read dos header from C:\Windows\System32\cfgmgr32.dll
[1224/115904.331:ERROR:process_memory_win.cc(73)] ReadMemory at 0x7ff993200000 of 64 bytes failed: Only part of a ReadProcessMemory or WriteProcessMemory request was completed. (0x12B)
[1224/115904.331:WARNING:pe_image_reader.cc(340)] could not read dos header from C:\Windows\SYSTEM32\bcrypt.dll
[1224/115904.331:ERROR:process_memory_win.cc(73)] ReadMemory at 0x7ff992f90000 of 64 bytes failed: Only part of a ReadProcessMemory or WriteProcessMemory request was completed. (0x12B)
[1224/115904.331:WARNING:pe_image_reader.cc(340)] could not read dos header from C:\Windows\SYSTEM32\SSPICLI.DLL
[1224/115904.331:ERROR:process_memory_win.cc(73)] ReadMemory at 0x7ff996620000 of 64 bytes failed: Only part of a ReadProcessMemory or WriteProcessMemory request was completed. (0x12B)
[1224/115904.331:WARNING:pe_image_reader.cc(340)] could not read dos header from C:\Windows\System32\user32.dll
[1224/115904.331:ERROR:process_memory_win.cc(73)] ReadMemory at 0x7ff993350000 of 64 bytes failed: Only part of a ReadProcessMemory or WriteProcessMemory request was completed. (0x12B)
[1224/115904.331:WARNING:pe_image_reader.cc(340)] could not read dos header from C:\Windows\System32\win32u.dll
[1224/115904.331:ERROR:process_memory_win.cc(73)] ReadMemory at 0x7ff996da0000 of 64 bytes failed: Only part of a ReadProcessMemory or WriteProcessMemory request was completed. (0x12B)
[1224/115904.331:WARNING:pe_image_reader.cc(340)] could not read dos header from C:\Windows\System32\GDI32.dll
[1224/115904.331:ERROR:process_memory_win.cc(73)] ReadMemory at 0x7ff994260000 of 64 bytes failed: Only part of a ReadProcessMemory or WriteProcessMemory request was completed. (0x12B)
[1224/115904.331:WARNING:pe_image_reader.cc(340)] could not read dos header from C:\Windows\System32\gdi32full.dll
[1224/115904.332:ERROR:process_memory_win.cc(73)] ReadMemory at 0x7ff9969a0000 of 64 bytes failed: Only part of a ReadProcessMemory or WriteProcessMemory request was completed. (0x12B)
[1224/115904.332:WARNING:pe_image_reader.cc(340)] could not read dos header from C:\Windows\System32\IMM32.DLL
[1224/115904.332:ERROR:process_memory_win.cc(73)] ReadMemory at 0x7ff992d50000 of 64 bytes failed: Only part of a ReadProcessMemory or WriteProcessMemory request was completed. (0x12B)
[1224/115904.332:WARNING:pe_image_reader.cc(340)] could not read dos header from C:\Windows\SYSTEM32\CRYPTBASE.DLL
[1224/115904.352:ERROR:process_memory_win.cc(73)] ReadMemory at 0x1440fee000 of 73728 bytes failed: Only part of a ReadProcessMemory or WriteProcessMemory request was completed. (0x12B)
[1224/115904.373:ERROR:process_memory_win.cc(73)] ReadMemory at 0x14417fe000 of 8192 bytes failed: Only part of a ReadProcessMemory or WriteProcessMemory request was completed. (0x12B)
[1224/115904.373:ERROR:process_memory_win.cc(73)] ReadMemory at 0x14427fe000 of 8192 bytes failed: Only part of a ReadProcessMemory or WriteProcessMemory request was completed. (0x12B)
[1224/115904.373:ERROR:process_memory_win.cc(73)] ReadMemory at 0x1442ffd000 of 12288 bytes failed: Only part of a ReadProcessMemory or WriteProcessMemory request was completed. (0x12B)
[1224/115904.373:ERROR:process_memory_win.cc(73)] ReadMemory at 0x1443ffe000 of 8192 bytes failed: Only part of a ReadProcessMemory or WriteProcessMemory request was completed. (0x12B)
[1224/115904.373:ERROR:process_memory_win.cc(73)] ReadMemory at 0x14447fe000 of 8192 bytes failed: Only part of a ReadProcessMemory or WriteProcessMemory request was completed. (0x12B)
[1224/115904.373:ERROR:process_memory_win.cc(73)] ReadMemory at 0x1444ffc000 of 16384 bytes failed: Only part of a ReadProcessMemory or WriteProcessMemory request was completed. (0x12B)
[1224/115904.373:ERROR:process_memory_win.cc(73)] ReadMemory at 0x1445ffe000 of 8192 bytes failed: Only part of a ReadProcessMemory or WriteProcessMemory request was completed. (0x12B)
[1224/115904.373:ERROR:process_memory_win.cc(73)] ReadMemory at 0x14467fc000 of 16384 bytes failed: Only part of a ReadProcessMemory or WriteProcessMemory request was completed. (0x12B)
[1224/115904.373:ERROR:process_memory_win.cc(73)] ReadMemory at 0x1446ffd000 of 12288 bytes failed: Only part of a ReadProcessMemory or WriteProcessMemory request was completed. (0x12B)
[1224/115904.374:ERROR:process_memory_win.cc(73)] ReadMemory at 0x14477fe000 of 8192 bytes failed: Only part of a ReadProcessMemory or WriteProcessMemory request was completed. (0x12B)
[1224/115904.374:ERROR:process_memory_win.cc(73)] ReadMemory at 0x1447ff8000 of 32768 bytes failed: Only part of a ReadProcessMemory or WriteProcessMemory request was completed. (0x12B)
[1224/115904.374:ERROR:process_memory_win.cc(73)] ReadMemory at 0x1448ffc000 of 16384 bytes failed: Only part of a ReadProcessMemory or WriteProcessMemory request was completed. (0x12B)
[1224/115904.374:ERROR:process_memory_win.cc(73)] ReadMemory at 0x14497fc000 of 16384 bytes failed: Only part of a ReadProcessMemory or WriteProcessMemory request was completed. (0x12B)
[1224/115904.374:ERROR:process_memory_win.cc(73)] ReadMemory at 0x14407c3000 of 852 bytes failed: Only part of a ReadProcessMemory or WriteProcessMemory request was completed. (0x12B)
[1224/115904.374:ERROR:process_memory_win.cc(73)] ReadMemory at 0x14407c4000 of 6024 bytes failed: Only part of a ReadProcessMemory or WriteProcessMemory request was completed. (0x12B)
[1224/115904.374:ERROR:process_memory_win.cc(73)] ReadMemory at 0x14407c6000 of 6024 bytes failed: Only part of a ReadProcessMemory or WriteProcessMemory request was completed. (0x12B)
[1224/115904.374:ERROR:process_memory_win.cc(73)] ReadMemory at 0x14407ca000 of 6024 bytes failed: Only part of a ReadProcessMemory or WriteProcessMemory request was completed. (0x12B)
[1224/115904.374:ERROR:process_memory_win.cc(73)] ReadMemory at 0x14407cc000 of 6024 bytes failed: Only part of a ReadProcessMemory or WriteProcessMemory request was completed. (0x12B)
[1224/115904.374:ERROR:process_memory_win.cc(73)] ReadMemory at 0x14407d0000 of 6024 bytes failed: Only part of a ReadProcessMemory or WriteProcessMemory request was completed. (0x12B)
[1224/115904.374:ERROR:process_memory_win.cc(73)] ReadMemory at 0x14407d2000 of 6024 bytes failed: Only part of a ReadProcessMemory or WriteProcessMemory request was completed. (0x12B)
[1224/115904.374:ERROR:process_memory_win.cc(73)] ReadMemory at 0x14407d4000 of 6024 bytes failed: Only part of a ReadProcessMemory or WriteProcessMemory request was completed. (0x12B)
[1224/115904.374:ERROR:process_memory_win.cc(73)] ReadMemory at 0x14407d8000 of 6024 bytes failed: Only part of a ReadProcessMemory or WriteProcessMemory request was completed. (0x12B)
[1224/115904.375:ERROR:process_memory_win.cc(73)] ReadMemory at 0x14407da000 of 6024 bytes failed: Only part of a ReadProcessMemory or WriteProcessMemory request was completed. (0x12B)
[1224/115904.375:ERROR:process_memory_win.cc(73)] ReadMemory at 0x14407dc000 of 6024 bytes failed: Only part of a ReadProcessMemory or WriteProcessMemory request was completed. (0x12B)
[1224/115904.375:ERROR:process_memory_win.cc(73)] ReadMemory at 0x14407de000 of 6024 bytes failed: Only part of a ReadProcessMemory or WriteProcessMemory request was completed. (0x12B)
[1224/115904.375:ERROR:process_memory_win.cc(73)] ReadMemory at 0x14407e0000 of 6024 bytes failed: Only part of a ReadProcessMemory or WriteProcessMemory request was completed. (0x12B)
[1224/115904.375:ERROR:process_memory_win.cc(73)] ReadMemory at 0x14407e4000 of 6024 bytes failed: Only part of a ReadProcessMemory or WriteProcessMemory request was completed. (0x12B)
[1224/115904.375:ERROR:process_memory_win.cc(73)] ReadMemory at 0x14407e6000 of 6024 bytes failed: Only part of a ReadProcessMemory or WriteProcessMemory request was completed. (0x12B)
[1224/115904.375:ERROR:process_memory_win.cc(73)] ReadMemory at 0x1ffe0ca0dd0 of 17710 bytes failed: Only part of a ReadProcessMemory or WriteProcessMemory request was completed. (0x12B)
[1224/115904.375:ERROR:process_memory_win.cc(73)] ReadMemory at 0x1ffe0ca5310 of 1012 bytes failed: Only part of a ReadProcessMemory or WriteProcessMemory request was completed. (0x12B)
[1224/115904.375:ERROR:process_memory_win.cc(73)] ReadMemory at 0x1ffe0ca5928 of 118 bytes failed: Only part of a ReadProcessMemory or WriteProcessMemory request was completed. (0x12B)
[1224/115904.375:ERROR:process_memory_win.cc(73)] ReadMemory at 0x1ffe0ca59a0 of 714 bytes failed: Only part of a ReadProcessMemory or WriteProcessMemory request was completed. (0x12B)
[1224/115904.375:ERROR:process_memory_win.cc(73)] ReadMemory at 0x1ffe0ca5c6c of 118 bytes failed: Only part of a ReadProcessMemory or WriteProcessMemory request was completed. (0x12B)
[1224/115904.375:ERROR:process_memory_win.cc(73)] ReadMemory at 0x1ffe0ca5ce4 of 102 bytes failed: Only part of a ReadProcessMemory or WriteProcessMemory request was completed. (0x12B)
[1224/115904.375:ERROR:process_memory_win.cc(73)] ReadMemory at 0x1ffe0ca5d60 of 58 bytes failed: Only part of a ReadProcessMemory or WriteProcessMemory request was completed. (0x12B)
[1224/115904.375:ERROR:process_memory_win.cc(73)] ReadMemory at 0x1ffe0ca5e60 of 132 bytes failed: Only part of a ReadProcessMemory or WriteProcessMemory request was completed. (0x12B)
[1224/115904.376:ERROR:process_memory_win.cc(73)] ReadMemory at 0x1ffe0ca5ff0 of 132 bytes failed: Only part of a ReadProcessMemory or WriteProcessMemory request was completed. (0x12B)
[1224/115904.376:ERROR:process_memory_win.cc(73)] ReadMemory at 0x1ffe0ca61b0 of 124 bytes failed: Only part of a ReadProcessMemory or WriteProcessMemory request was completed. (0x12B)
[1224/115904.376:ERROR:process_memory_win.cc(73)] ReadMemory at 0x1ffe0ca6680 of 132 bytes failed: Only part of a ReadProcessMemory or WriteProcessMemory request was completed. (0x12B)
[1224/115904.376:ERROR:process_memory_win.cc(73)] ReadMemory at 0x1ffe0ca6810 of 64 bytes failed: Only part of a ReadProcessMemory or WriteProcessMemory request was completed. (0x12B)
[1224/115904.376:ERROR:process_memory_win.cc(73)] ReadMemory at 0x1ffe0ca6b50 of 132 bytes failed: Only part of a ReadProcessMemory or WriteProcessMemory request was completed. (0x12B)
[1224/115904.376:ERROR:process_memory_win.cc(73)] ReadMemory at 0x1ffe0ca6ce0 of 68 bytes failed: Only part of a ReadProcessMemory or WriteProcessMemory request was completed. (0x12B)
[1224/115904.376:ERROR:process_memory_win.cc(73)] ReadMemory at 0x1ffe0ca7970 of 132 bytes failed: Only part of a ReadProcessMemory or WriteProcessMemory request was completed. (0x12B)
[1224/115904.376:ERROR:process_memory_win.cc(73)] ReadMemory at 0x1ffe0ca7b60 of 132 bytes failed: Only part of a ReadProcessMemory or WriteProcessMemory request was completed. (0x12B)
[1224/115904.376:ERROR:process_memory_win.cc(73)] ReadMemory at 0x1ffe0ca7c90 of 152 bytes failed: Only part of a ReadProcessMemory or WriteProcessMemory request was completed. (0x12B)
[1224/115904.376:ERROR:process_memory_win.cc(73)] ReadMemory at 0x1ffe0ca99d0 of 62 bytes failed: Only part of a ReadProcessMemory or WriteProcessMemory request was completed. (0x12B)
[1224/115904.376:ERROR:process_memory_win.cc(73)] ReadMemory at 0x1ffe0ca9ae0 of 132 bytes failed: Only part of a ReadProcessMemory or WriteProcessMemory request was completed. (0x12B)
[1224/115904.376:ERROR:process_memory_win.cc(73)] ReadMemory at 0x1ffe0ca9c70 of 60 bytes failed: Only part of a ReadProcessMemory or WriteProcessMemory request was completed. (0x12B)
[1224/115904.376:ERROR:process_memory_win.cc(73)] ReadMemory at 0x1ffe0cb6860 of 80 bytes failed: Only part of a ReadProcessMemory or WriteProcessMemory request was completed. (0x12B)
[1224/115904.376:ERROR:process_memory_win.cc(73)] ReadMemory at 0x1ffe0cb8880 of 62 bytes failed: Only part of a ReadProcessMemory or WriteProcessMemory request was completed. (0x12B)
[1224/115904.377:ERROR:process_memory_win.cc(73)] ReadMemory at 0x1ffe0cb8920 of 60 bytes failed: Only part of a ReadProcessMemory or WriteProcessMemory request was completed. (0x12B)
[1224/115904.377:ERROR:process_memory_win.cc(73)] ReadMemory at 0x1ffe0cb8970 of 64 bytes failed: Only part of a ReadProcessMemory or WriteProcessMemory request was completed. (0x12B)
[1224/115904.377:ERROR:process_memory_win.cc(73)] ReadMemory at 0x1ffe0cb89c0 of 64 bytes failed: Only part of a ReadProcessMemory or WriteProcessMemory request was completed. (0x12B)
[1224/115904.377:ERROR:process_memory_win.cc(73)] ReadMemory at 0x1ffe0cb8ab0 of 62 bytes failed: Only part of a ReadProcessMemory or WriteProcessMemory request was completed. (0x12B)
[1224/115904.377:ERROR:process_memory_win.cc(73)] ReadMemory at 0x1ffe0cb8ba0 of 62 bytes failed: Only part of a ReadProcessMemory or WriteProcessMemory request was completed. (0x12B)
[1224/115904.377:ERROR:process_memory_win.cc(73)] ReadMemory at 0x1ffe0cb8c40 of 64 bytes failed: Only part of a ReadProcessMemory or WriteProcessMemory request was completed. (0x12B)
[1224/115904.377:ERROR:process_memory_win.cc(73)] ReadMemory at 0x1ffe0cb8c90 of 62 bytes failed: Only part of a ReadProcessMemory or WriteProcessMemory request was completed. (0x12B)
[1224/115904.377:ERROR:process_memory_win.cc(73)] ReadMemory at 0x1ffe0cb8ce0 of 62 bytes failed: Only part of a ReadProcessMemory or WriteProcessMemory request was completed. (0x12B)
[1224/115904.377:ERROR:process_memory_win.cc(73)] ReadMemory at 0x1ffe0cb8d30 of 60 bytes failed: Only part of a ReadProcessMemory or WriteProcessMemory request was completed. (0x12B)
[1224/115904.377:ERROR:process_memory_win.cc(73)] ReadMemory at 0x1ffe0cb8d80 of 62 bytes failed: Only part of a ReadProcessMemory or WriteProcessMemory request was completed. (0x12B)
[1224/115904.377:ERROR:process_memory_win.cc(73)] ReadMemory at 0x1ffe0cb8e20 of 58 bytes failed: Only part of a ReadProcessMemory or WriteProcessMemory request was completed. (0x12B)
[1224/115904.377:ERROR:process_memory_win.cc(73)] ReadMemory at 0x1ffe0cb8e70 of 66 bytes failed: Only part of a ReadProcessMemory or WriteProcessMemory request was completed. (0x12B)
[1224/115904.377:ERROR:process_memory_win.cc(73)] ReadMemory at 0x1ffe0cb8ec0 of 64 bytes failed: Only part of a ReadProcessMemory or WriteProcessMemory request was completed. (0x12B)
[1224/115904.377:ERROR:process_memory_win.cc(73)] ReadMemory at 0x1ffe0cb8f60 of 62 bytes failed: Only part of a ReadProcessMemory or WriteProcessMemory request was completed. (0x12B)
[1224/115904.378:ERROR:process_memory_win.cc(73)] ReadMemory at 0x1ffe0cb9050 of 64 bytes failed: Only part of a ReadProcessMemory or WriteProcessMemory request was completed. (0x12B)
[1224/115904.378:ERROR:process_memory_win.cc(73)] ReadMemory at 0x1ffe0cb90a0 of 62 bytes failed: Only part of a ReadProcessMemory or WriteProcessMemory request was completed. (0x12B)
[1224/115904.378:ERROR:process_memory_win.cc(73)] ReadMemory at 0x1ffe0cb90f0 of 64 bytes failed: Only part of a ReadProcessMemory or WriteProcessMemory request was completed. (0x12B)
[1224/115904.378:ERROR:process_memory_win.cc(73)] ReadMemory at 0x1ffe0cb9190 of 66 bytes failed: Only part of a ReadProcessMemory or WriteProcessMemory request was completed. (0x12B)
[1224/115904.378:ERROR:process_memory_win.cc(73)] ReadMemory at 0x1ffe0cb92d0 of 60 bytes failed: Only part of a ReadProcessMemory or WriteProcessMemory request was completed. (0x12B)
[1224/115904.378:ERROR:process_memory_win.cc(73)] ReadMemory at 0x1ffe0cb9320 of 64 bytes failed: Only part of a ReadProcessMemory or WriteProcessMemory request was completed. (0x12B)
[1224/115904.378:ERROR:process_memory_win.cc(73)] ReadMemory at 0x1ffe0cb9370 of 60 bytes failed: Only part of a ReadProcessMemory or WriteProcessMemory request was completed. (0x12B)
[1224/115904.378:ERROR:process_memory_win.cc(73)] ReadMemory at 0x1ffe0cb93c0 of 62 bytes failed: Only part of a ReadProcessMemory or WriteProcessMemory request was completed. (0x12B)
[1224/115904.378:ERROR:process_memory_win.cc(73)] ReadMemory at 0x1ffe0cb95a0 of 60 bytes failed: Only part of a ReadProcessMemory or WriteProcessMemory request was completed. (0x12B)
[1224/115904.378:ERROR:process_memory_win.cc(73)] ReadMemory at 0x1ffe0cb9640 of 64 bytes failed: Only part of a ReadProcessMemory or WriteProcessMemory request was completed. (0x12B)
[1224/115904.378:ERROR:process_memory_win.cc(73)] ReadMemory at 0x1ffe0cbbaf0 of 54 bytes failed: Only part of a ReadProcessMemory or WriteProcessMemory request was completed. (0x12B)
[1224/115904.379:ERROR:process_memory_win.cc(73)] ReadMemory at 0x1ffe0cbd380 of 132 bytes failed: Only part of a ReadProcessMemory or WriteProcessMemory request was completed. (0x12B)
[1224/115904.379:ERROR:process_memory_win.cc(73)] ReadMemory at 0x1ffe0cbd7b0 of 144 bytes failed: Only part of a ReadProcessMemory or WriteProcessMemory request was completed. (0x12B)
[1224/115904.379:ERROR:process_memory_win.cc(73)] ReadMemory at 0x1ffe0cbdcc0 of 80 bytes failed: Only part of a ReadProcessMemory or WriteProcessMemory request was completed. (0x12B)
[1224/115904.379:ERROR:process_memory_win.cc(73)] ReadMemory at 0x1ffe0cbebe0 of 132 bytes failed: Only part of a ReadProcessMemory or WriteProcessMemory request was completed. (0x12B)
[1224/115904.379:ERROR:process_memory_win.cc(73)] ReadMemory at 0x1ffe0cbee90 of 132 bytes failed: Only part of a ReadProcessMemory or WriteProcessMemory request was completed. (0x12B)
[1224/115904.379:ERROR:process_memory_win.cc(73)] ReadMemory at 0x1ffe0cbf030 of 132 bytes failed: Only part of a ReadProcessMemory or WriteProcessMemory request was completed. (0x12B)
[1224/115904.379:ERROR:process_memory_win.cc(73)] ReadMemory at 0x1ffe0cbf990 of 132 bytes failed: Only part of a ReadProcessMemory or WriteProcessMemory request was completed. (0x12B)
[1224/115904.379:ERROR:process_memory_win.cc(73)] ReadMemory at 0x1ffe0cbfb80 of 132 bytes failed: Only part of a ReadProcessMemory or WriteProcessMemory request was completed. (0x12B)
[1224/115904.379:ERROR:process_memory_win.cc(73)] ReadMemory at 0x1ffe0cbfe80 of 132 bytes failed: Only part of a ReadProcessMemory or WriteProcessMemory request was completed. (0x12B)
[1224/115904.379:ERROR:process_memory_win.cc(73)] ReadMemory at 0x1ffe0cc4b80 of 132 bytes failed: Only part of a ReadProcessMemory or WriteProcessMemory request was completed. (0x12B)
[1224/115904.379:ERROR:process_memory_win.cc(73)] ReadMemory at 0x1ffe0cc4ed0 of 132 bytes failed: Only part of a ReadProcessMemory or WriteProcessMemory request was completed. (0x12B)
[1224/115904.379:ERROR:process_memory_win.cc(73)] ReadMemory at 0x1ffe0cc5000 of 132 bytes failed: Only part of a ReadProcessMemory or WriteProcessMemory request was completed. (0x12B)
[1224/115904.379:ERROR:process_memory_win.cc(73)] ReadMemory at 0x1ffe0cc7510 of 132 bytes failed: Only part of a ReadProcessMemory or WriteProcessMemory request was completed. (0x12B)
[1224/115904.380:ERROR:process_memory_win.cc(73)] ReadMemory at 0x1ffe0cc7640 of 132 bytes failed: Only part of a ReadProcessMemory or WriteProcessMemory request was completed. (0x12B)
[1224/115904.380:ERROR:process_memory_win.cc(73)] ReadMemory at 0x1ffe0cc7770 of 132 bytes failed: Only part of a ReadProcessMemory or WriteProcessMemory request was completed. (0x12B)
[1224/115904.380:ERROR:process_memory_win.cc(73)] ReadMemory at 0x1ffe0cc78a0 of 132 bytes failed: Only part of a ReadProcessMemory or WriteProcessMemory request was completed. (0x12B)
[1224/115904.380:ERROR:process_memory_win.cc(73)] ReadMemory at 0x1ffe0cc79d0 of 132 bytes failed: Only part of a ReadProcessMemory or WriteProcessMemory request was completed. (0x12B)
[1224/115904.380:ERROR:process_memory_win.cc(73)] ReadMemory at 0x1ffe0cc7b00 of 132 bytes failed: Only part of a ReadProcessMemory or WriteProcessMemory request was completed. (0x12B)
[1224/115904.380:ERROR:process_memory_win.cc(73)] ReadMemory at 0x1ffe0cc7c30 of 132 bytes failed: Only part of a ReadProcessMemory or WriteProcessMemory request was completed. (0x12B)
[1224/115904.380:ERROR:process_memory_win.cc(73)] ReadMemory at 0x1ffe0cc7d60 of 132 bytes failed: Only part of a ReadProcessMemory or WriteProcessMemory request was completed. (0x12B)
[1224/115904.380:ERROR:process_memory_win.cc(73)] ReadMemory at 0x1ffe0cc7e90 of 132 bytes failed: Only part of a ReadProcessMemory or WriteProcessMemory request was completed. (0x12B)
[1224/115904.380:ERROR:process_memory_win.cc(73)] ReadMemory at 0x1ffe0cc7fc0 of 132 bytes failed: Only part of a ReadProcessMemory or WriteProcessMemory request was completed. (0x12B)
[1224/115904.380:ERROR:process_memory_win.cc(73)] ReadMemory at 0x1ffe0cc80f0 of 132 bytes failed: Only part of a ReadProcessMemory or WriteProcessMemory request was completed. (0x12B)
[1224/115904.380:ERROR:process_memory_win.cc(73)] ReadMemory at 0x1ffe0cc8220 of 132 bytes failed: Only part of a ReadProcessMemory or WriteProcessMemory request was completed. (0x12B)
[1224/115904.380:ERROR:process_memory_win.cc(73)] ReadMemory at 0x1ffe0cc8350 of 132 bytes failed: Only part of a ReadProcessMemory or WriteProcessMemory request was completed. (0x12B)
[1224/115904.380:ERROR:process_memory_win.cc(73)] ReadMemory at 0x1ffe0cc94f0 of 132 bytes failed: Only part of a ReadProcessMemory or WriteProcessMemory request was completed. (0x12B)
[1224/115904.380:ERROR:process_memory_win.cc(73)] ReadMemory at 0x1ffe0cc9620 of 132 bytes failed: Only part of a ReadProcessMemory or WriteProcessMemory request was completed. (0x12B)
[1224/115904.381:ERROR:process_memory_win.cc(73)] ReadMemory at 0x1ffe0cc9750 of 132 bytes failed: Only part of a ReadProcessMemory or WriteProcessMemory request was completed. (0x12B)
[1224/115904.381:ERROR:process_memory_win.cc(73)] ReadMemory at 0x1ffe0cc9880 of 132 bytes failed: Only part of a ReadProcessMemory or WriteProcessMemory request was completed. (0x12B)
[1224/115904.381:ERROR:process_memory_win.cc(73)] ReadMemory at 0x1ffe0cc99b0 of 132 bytes failed: Only part of a ReadProcessMemory or WriteProcessMemory request was completed. (0x12B)
[1224/115904.381:ERROR:process_memory_win.cc(73)] ReadMemory at 0x1ffe0cc9c10 of 132 bytes failed: Only part of a ReadProcessMemory or WriteProcessMemory request was completed. (0x12B)
[1224/115904.381:ERROR:process_memory_win.cc(73)] ReadMemory at 0x1ffe0cc9fa0 of 132 bytes failed: Only part of a ReadProcessMemory or WriteProcessMemory request was completed. (0x12B)
[1224/115904.381:ERROR:process_memory_win.cc(73)] ReadMemory at 0x1ffe0cca330 of 132 bytes failed: Only part of a ReadProcessMemory or WriteProcessMemory request was completed. (0x12B)
[1224/115904.381:ERROR:process_memory_win.cc(73)] ReadMemory at 0x1ffe0cca920 of 132 bytes failed: Only part of a ReadProcessMemory or WriteProcessMemory request was completed. (0x12B)
[1224/115904.381:ERROR:process_memory_win.cc(73)] ReadMemory at 0x1ffe0ccab80 of 132 bytes failed: Only part of a ReadProcessMemory or WriteProcessMemory request was completed. (0x12B)
[1224/115904.381:ERROR:process_memory_win.cc(73)] ReadMemory at 0x1ffe0ccb2a0 of 132 bytes failed: Only part of a ReadProcessMemory or WriteProcessMemory request was completed. (0x12B)
[1224/115904.381:ERROR:process_memory_win.cc(73)] ReadMemory at 0x1ffe0cd00b0 of 60 bytes failed: Only part of a ReadProcessMemory or WriteProcessMemory request was completed. (0x12B)
[1224/115904.381:ERROR:process_memory_win.cc(73)] ReadMemory at 0x1ffe0cd0790 of 58 bytes failed: Only part of a ReadProcessMemory or WriteProcessMemory request was completed. (0x12B)
[1224/115904.381:ERROR:process_memory_win.cc(73)] ReadMemory at 0x1ffe0cd0a10 of 58 bytes failed: Only part of a ReadProcessMemory or WriteProcessMemory request was completed. (0x12B)
[1224/115904.381:ERROR:process_memory_win.cc(73)] ReadMemory at 0x1ffe0cd0d30 of 66 bytes failed: Only part of a ReadProcessMemory or WriteProcessMemory request was completed. (0x12B)
[1224/115904.382:ERROR:process_memory_win.cc(73)] ReadMemory at 0x1ffe0cd0e20 of 60 bytes failed: Only part of a ReadProcessMemory or WriteProcessMemory request was completed. (0x12B)
[1224/115904.382:ERROR:process_memory_win.cc(73)] ReadMemory at 0x1ffe0d15a90 of 560 bytes failed: Only part of a ReadProcessMemory or WriteProcessMemory request was completed. (0x12B)
[1224/115904.382:ERROR:process_memory_win.cc(73)] ReadMemory at 0x1ffe0d23dd0 of 512 bytes failed: Only part of a ReadProcessMemory or WriteProcessMemory request was completed. (0x12B)
[1224/115904.382:ERROR:process_memory_win.cc(73)] ReadMemory at 0x1ffe0d3acc0 of 712 bytes failed: Only part of a ReadProcessMemory or WriteProcessMemory request was completed. (0x12B)
[1224/115904.382:ERROR:process_memory_win.cc(73)] ReadMemory at 0x1ffe0d4e3e0 of 512 bytes failed: Only part of a ReadProcessMemory or WriteProcessMemory request was completed. (0x12B)
[1224/115904.382:ERROR:process_memory_win.cc(73)] ReadMemory at 0x1ffe0d56390 of 512 bytes failed: Only part of a ReadProcessMemory or WriteProcessMemory request was completed. (0x12B)
[1224/115904.382:ERROR:process_memory_win.cc(73)] ReadMemory at 0x1ffe0d586d0 of 512 bytes failed: Only part of a ReadProcessMemory or WriteProcessMemory request was completed. (0x12B)
[1224/115904.382:ERROR:process_memory_win.cc(73)] ReadMemory at 0x1ffe0d73010 of 512 bytes failed: Only part of a ReadProcessMemory or WriteProcessMemory request was completed. (0x12B)
[1224/115904.382:ERROR:process_memory_win.cc(73)] ReadMemory at 0x1ffe0d76fb0 of 512 bytes failed: Only part of a ReadProcessMemory or WriteProcessMemory request was completed. (0x12B)
[1224/115904.382:ERROR:process_memory_win.cc(73)] ReadMemory at 0x1ffe0dd1c00 of 512 bytes failed: Only part of a ReadProcessMemory or WriteProcessMemory request was completed. (0x12B)
[1224/115904.382:ERROR:process_memory_win.cc(73)] ReadMemory at 0x1ffe0dd2200 of 512 bytes failed: Only part of a ReadProcessMemory or WriteProcessMemory request was completed. (0x12B)
[1224/115904.382:ERROR:process_memory_win.cc(73)] ReadMemory at 0x1ffe284e710 of 512 bytes failed: Only part of a ReadProcessMemory or WriteProcessMemory request was completed. (0x12B)
[1224/115904.382:ERROR:process_memory_win.cc(73)] ReadMemory at 0x1ffe292d610 of 512 bytes failed: Only part of a ReadProcessMemory or WriteProcessMemory request was completed. (0x12B)
[1224/115904.383:ERROR:process_memory_win.cc(73)] ReadMemory at 0x1ffe2c64768 of 512 bytes failed: Only part of a ReadProcessMemory or WriteProcessMemory request was completed. (0x12B)
[1224/115904.383:ERROR:process_memory_win.cc(73)] ReadMemory at 0x1ffe2c891d0 of 512 bytes failed: Only part of a ReadProcessMemory or WriteProcessMemory request was completed. (0x12B)
[1224/115904.383:ERROR:process_memory_win.cc(73)] ReadMemory at 0x1ffe2ce5840 of 512 bytes failed: Only part of a ReadProcessMemory or WriteProcessMemory request was completed. (0x12B)
[1224/115904.383:ERROR:process_memory_win.cc(73)] ReadMemory at 0x1ffe38b70c0 of 512 bytes failed: Only part of a ReadProcessMemory or WriteProcessMemory request was completed. (0x12B)
[1224/115904.383:ERROR:process_memory_win.cc(73)] ReadMemory at 0x1ffe3ad32e0 of 512 bytes failed: Only part of a ReadProcessMemory or WriteProcessMemory request was completed. (0x12B)
[1224/115904.383:ERROR:process_memory_win.cc(73)] ReadMemory at 0x1ffe598f000 of 400 bytes failed: Only part of a ReadProcessMemory or WriteProcessMemory request was completed. (0x12B)
[1224/115904.383:ERROR:process_memory_win.cc(73)] ReadMemory at 0x233600000000 of 384 bytes failed: Only part of a ReadProcessMemory or WriteProcessMemory request was completed. (0x12B)
[1224/115904.383:ERROR:process_memory_win.cc(73)] ReadMemory at 0x233608042331 of 512 bytes failed: Only part of a ReadProcessMemory or WriteProcessMemory request was completed. (0x12B)
[1224/115904.383:ERROR:process_memory_win.cc(73)] ReadMemory at 0x2336473c0090 of 512 bytes failed: Only part of a ReadProcessMemory or WriteProcessMemory request was completed. (0x12B)
[1224/115904.383:ERROR:process_memory_win.cc(73)] ReadMemory at 0x7ff94eee0000 of 384 bytes failed: Only part of a ReadProcessMemory or WriteProcessMemory request was completed. (0x12B)
[1224/115904.383:ERROR:process_memory_win.cc(73)] ReadMemory at 0x7ff9516d671c of 512 bytes failed: Only part of a ReadProcessMemory or WriteProcessMemory request was completed. (0x12B)
[1224/115904.383:ERROR:process_memory_win.cc(73)] ReadMemory at 0x7ff9528a4520 of 512 bytes failed: Only part of a ReadProcessMemory or WriteProcessMemory request was completed. (0x12B)
[1224/115904.383:ERROR:process_memory_win.cc(73)] ReadMemory at 0x7ff956ccf61b of 512 bytes failed: Only part of a ReadProcessMemory or WriteProcessMemory request was completed. (0x12B)
[1224/115904.384:ERROR:process_memory_win.cc(73)] ReadMemory at 0x7ff993d43bd8 of 512 bytes failed: Only part of a ReadProcessMemory or WriteProcessMemory request was completed. (0x12B)
[1224/115904.384:ERROR:process_memory_win.cc(73)] ReadMemory at 0x7ff994e44240 of 512 bytes failed: Only part of a ReadProcessMemory or WriteProcessMemory request was completed. (0x12B)
[1224/115904.384:ERROR:process_memory_win.cc(73)] ReadMemory at 0x7ff996e7efd0 of 512 bytes failed: Only part of a ReadProcessMemory or WriteProcessMemory request was completed. (0x12B)
[1224/115904.384:ERROR:process_memory_win.cc(73)] ReadMemory at 0x7ff996e82910 of 512 bytes failed: Only part of a ReadProcessMemory or WriteProcessMemory request was completed. (0x12B)
[1224/115904.384:ERROR:process_memory_win.cc(73)] ReadMemory at 0x7ff996ef60d4 of 672 bytes failed: Only part of a ReadProcessMemory or WriteProcessMemory request was completed. (0x12B)
[1224/115904.384:ERROR:process_memory_win.cc(73)] ReadMemory at 0x7ff996ef66d4 of 512 bytes failed: Only part of a ReadProcessMemory or WriteProcessMemory request was completed. (0x12B)
[1224/115904.384:ERROR:process_memory_win.cc(73)] ReadMemory at 0x7ff996ef97c4 of 608 bytes failed: Only part of a ReadProcessMemory or WriteProcessMemory request was completed. (0x12B)
[1224/115904.384:ERROR:process_memory_win.cc(73)] ReadMemory at 0x7ff996efc98b of 512 bytes failed: Only part of a ReadProcessMemory or WriteProcessMemory request was completed. (0x12B)
[1224/115904.384:ERROR:process_memory_win.cc(73)] ReadMemory at 0x7ff996f6c860 of 18 bytes failed: Only part of a ReadProcessMemory or WriteProcessMemory request was completed. (0x12B)
[1224/115904.384:ERROR:process_memory_win.cc(73)] ReadMemory at 0x7ff996f9d568 of 40 bytes failed: Only part of a ReadProcessMemory or WriteProcessMemory request was completed. (0x12B)
[1224/115904.385:ERROR:process_memory_win.cc(73)] ReadMemory at 0x7ff996f9d998 of 48 bytes failed: Only part of a ReadProcessMemory or WriteProcessMemory request was completed. (0x12B)
[1224/115904.385:ERROR:process_memory_win.cc(73)] ReadMemory at 0x7ff996fa33a0 of 64 bytes failed: Only part of a ReadProcessMemory or WriteProcessMemory request was completed. (0x12B)
[1224/115911.804:ERROR:scoped_process_suspend.cc(40)] NtResumeProcess: An attempt was made to access an exiting process. (0xc000010a)
[1224/115912.238:ERROR:filesystem_win.cc(129)] GetFileAttributes C:\Users\Somanath\AppData\Local\Google\Chrome\User Data\Crashpad\attachments\ecdd48ad-dbf6-4546-a13f-4768229d5450: The system cannot find the path specified. (0x3)
[1225/065723.731:ERROR:directory_reader_win.cc(43)] FindFirstFile: The system cannot find the path specified. (0x3)
[1225/084646.800:ERROR:directory_reader_win.cc(43)] FindFirstFile: The system cannot find the path specified. (0x3)
[1226/090952.919:ERROR:directory_reader_win.cc(43)] FindFirstFile: The system cannot find the path specified. (0x3)
[1227/101659.021:ERROR:directory_reader_win.cc(43)] FindFirstFile: The system cannot find the path specified. (0x3)
[1228/093026.007:ERROR:directory_reader_win.cc(43)] FindFirstFile: The system cannot find the path specified. (0x3)
[1228/185550.884:ERROR:directory_reader_win.cc(43)] FindFirstFile: The system cannot find the path specified. (0x3)
